<?xml version="1.0" encoding="UTF-8"?>
<testng-results skipped="0" failed="1" ignored="0" total="1" passed="0">
  <reporter-output>
  </reporter-output>
  <suite name="Default suite" duration-ms="124566" started-at="2017-05-06T00:17:47Z" finished-at="2017-05-06T00:19:52Z">
    <groups>
    </groups>
    <test name="Default test" duration-ms="124566" started-at="2017-05-06T00:17:47Z" finished-at="2017-05-06T00:19:52Z">
      <class name="com.Test.Testclass.TestStoreAvailability">
        <test-method status="PASS" signature="beforeclass()[pri:0, instance:com.Test.Testclass.TestStoreAvailability@59fd97a8]" name="beforeclass" is-config="true" duration-ms="4094" started-at="2017-05-05T17:17:47Z" finished-at="2017-05-05T17:17:51Z">
          <reporter-output>
          </reporter-output>
        </test-method> <!-- beforeclass -->
        <test-method status="PASS" signature="before()[pri:0, instance:com.Test.Testclass.TestStoreAvailability@59fd97a8]" name="before" is-config="true" duration-ms="9" started-at="2017-05-05T17:17:51Z" finished-at="2017-05-05T17:17:51Z">
          <reporter-output>
          </reporter-output>
        </test-method> <!-- before -->
        <test-method status="FAIL" signature="TestStoreLocation()[pri:0, instance:com.Test.Testclass.TestStoreAvailability@59fd97a8]" name="TestStoreLocation" duration-ms="120409" started-at="2017-05-05T17:17:51Z" finished-at="2017-05-05T17:19:52Z">
          <exception class="java.lang.NoSuchMethodError">
            <message>
              <![CDATA[org.openqa.selenium.support.ui.WebDriverWait.until(Lcom/google/common/base/Function;)Ljava/lang/Object;]]>
            </message>
            <full-stacktrace>
              <![CDATA[java.lang.NoSuchMethodError: org.openqa.selenium.support.ui.WebDriverWait.until(Lcom/google/common/base/Function;)Ljava/lang/Object;
	at walmartHomepage.StoreAvailability.Storeavailability1(StoreAvailability.java:34)
	at com.Test.Testclass.TestStoreAvailability.TestStoreLocation(TestStoreAvailability.java:24)
	at sun.reflect.NativeMethodAccessorImpl.invoke0(Native Method)
	at sun.reflect.NativeMethodAccessorImpl.invoke(NativeMethodAccessorImpl.java:62)
	at sun.reflect.DelegatingMethodAccessorImpl.invoke(DelegatingMethodAccessorImpl.java:43)
	at java.lang.reflect.Method.invoke(Method.java:498)
	at org.testng.internal.MethodInvocationHelper.invokeMethod(MethodInvocationHelper.java:108)
	at org.testng.internal.Invoker.invokeMethod(Invoker.java:661)
	at org.testng.internal.Invoker.invokeTestMethod(Invoker.java:869)
	at org.testng.internal.Invoker.invokeTestMethods(Invoker.java:1193)
	at org.testng.internal.TestMethodWorker.invokeTestMethods(TestMethodWorker.java:126)
	at org.testng.internal.TestMethodWorker.run(TestMethodWorker.java:109)
	at org.testng.TestRunner.privateRun(TestRunner.java:744)
	at org.testng.TestRunner.run(TestRunner.java:602)
	at org.testng.SuiteRunner.runTest(SuiteRunner.java:380)
	at org.testng.SuiteRunner.runSequentially(SuiteRunner.java:375)
	at org.testng.SuiteRunner.privateRun(SuiteRunner.java:340)
	at org.testng.SuiteRunner.run(SuiteRunner.java:289)
	at org.testng.SuiteRunnerWorker.runSuite(SuiteRunnerWorker.java:52)
	at org.testng.SuiteRunnerWorker.run(SuiteRunnerWorker.java:86)
	at org.testng.TestNG.runSuitesSequentially(TestNG.java:1301)
	at org.testng.TestNG.runSuitesLocally(TestNG.java:1226)
	at org.testng.TestNG.runSuites(TestNG.java:1144)
	at org.testng.TestNG.run(TestNG.java:1115)
	at org.testng.remote.AbstractRemoteTestNG.run(AbstractRemoteTestNG.java:132)
	at org.testng.remote.RemoteTestNG.initAndRun(RemoteTestNG.java:230)
	at org.testng.remote.RemoteTestNG.main(RemoteTestNG.java:76)
]]>
            </full-stacktrace>
          </exception> <!-- java.lang.NoSuchMethodError -->
          <reporter-output>
          </reporter-output>
        </test-method> <!-- TestStoreLocation -->
      </class> <!-- com.Test.Testclass.TestStoreAvailability -->
    </test> <!-- Default test -->
  </suite> <!-- Default suite -->
</testng-results>
